<?xml version="1.0" encoding="UTF-8"?>
<testng-results ignored="0" total="2" passed="2" failed="0" skipped="0">
  <reporter-output>
  </reporter-output>
  <suite started-at="2025-07-22T15:27:51 BOT" name="Default suite" finished-at="2025-07-22T15:28:04 BOT" duration-ms="12858">
    <groups>
    </groups>
    <test started-at="2025-07-22T15:27:51 BOT" name="Default test" finished-at="2025-07-22T15:28:04 BOT" duration-ms="12858">
      <class name="ProjectTest.Test1.SauceDemoTest1">
        <test-method is-config="true" signature="Setup()[pri:0, instance:ProjectTest.Test1.SauceDemoTest1@385c9627]" started-at="2025-07-22T15:27:51 BOT" name="Setup" finished-at="2025-07-22T15:27:56 BOT" duration-ms="4308" status="PASS">
          <reporter-output>
          </reporter-output>
        </test-method> <!-- Setup -->
        <test-method signature="LoginExitoso()[pri:1, instance:ProjectTest.Test1.SauceDemoTest1@385c9627]" started-at="2025-07-22T15:27:56 BOT" name="LoginExitoso" finished-at="2025-07-22T15:27:57 BOT" duration-ms="1416" status="PASS">
          <reporter-output>
          </reporter-output>
        </test-method> <!-- LoginExitoso -->
        <test-method signature="LoginFallido()[pri:2, instance:ProjectTest.Test1.SauceDemoTest1@385c9627]" started-at="2025-07-22T15:27:57 BOT" name="LoginFallido" finished-at="2025-07-22T15:28:04 BOT" duration-ms="6865" status="PASS">
          <reporter-output>
          </reporter-output>
        </test-method> <!-- LoginFallido -->
        <test-method is-config="true" signature="tearDown()[pri:0, instance:ProjectTest.Test1.SauceDemoTest1@385c9627]" started-at="2025-07-22T15:28:04 BOT" name="tearDown" finished-at="2025-07-22T15:28:04 BOT" duration-ms="214" status="PASS">
          <reporter-output>
          </reporter-output>
        </test-method> <!-- tearDown -->
      </class> <!-- ProjectTest.Test1.SauceDemoTest1 -->
    </test> <!-- Default test -->
  </suite> <!-- Default suite -->
</testng-results>
